12:27:05 **** Incremental Build of configuration Release for project Abdelrazik ****
make all 
Building file: ../Mem_Maps.c
Invoking: AVR Compiler
avr-gcc -Wall -Os -fpack-struct -fshort-enums -ffunction-sections -fdata-sections -std=gnu99 -funsigned-char -funsigned-bitfields -mmcu=atmega32 -DF_CPU=8000000UL -MMD -MP -MF"Mem_Maps.d" -MT"Mem_Maps.d" -c -o "Mem_Maps.o" "../Mem_Maps.c"
Finished building: ../Mem_Maps.c
 
Building file: ../main.c
Invoking: AVR Compiler
avr-gcc -Wall -Os -fpack-struct -fshort-enums -ffunction-sections -fdata-sections -std=gnu99 -funsigned-char -funsigned-bitfields -mmcu=atmega32 -DF_CPU=8000000UL -MMD -MP -MF"main.d" -MT"main.d" -c -o "main.o" "../main.c"
Finished building: ../main.c
 
Building target: Abdelrazik.elf
Invoking: AVR C Linker
avr-gcc -Wl,-Map,Abdelrazik.map -mmcu=atmega32 -o "Abdelrazik.elf"  ./Mem_Maps.o ./main.o   
Finished building target: Abdelrazik.elf
 
Invoking: AVR Create Extended Listing
avr-objdump -h -S Abdelrazik.elf  >"Abdelrazik.lss"
Finished building: Abdelrazik.lss
 
Create Flash image (ihex format)
avr-objcopy -R .eeprom -R .fuse -R .lock -R .signature -O ihex Abdelrazik.elf  "Abdelrazik.hex"
Finished building: Abdelrazik.hex
 
Create eeprom image (ihex format)
avr-objcopy -j .eeprom --no-change-warnings --change-section-lma .eeprom=0 -O ihex Abdelrazik.elf  "Abdelrazik.eep"
Finished building: Abdelrazik.eep
 
Invoking: Print Size
avr-size --format=avr --mcu=atmega32 Abdelrazik.elf
AVR Memory Usage
----------------
Device: atmega32

Program:     224 bytes (0.7% Full)
(.text + .data + .bootloader)

Data:         18 bytes (0.9% Full)
(.data + .bss + .noinit)


Finished building: sizedummy
 
